{
  "/workspace/Coyoject3/src/app.js": {
    "path": "/workspace/Coyoject3/src/app.js",
    "statementMap": {
      "0": { "start": { "line": 1, "column": 0 }, "end": { "line": 1, "column": 54 } },
      "1": { "start": { "line": 2, "column": 20 }, "end": { "line": 2, "column": 42 } },
      "2": { "start": { "line": 3, "column": 16 }, "end": { "line": 3, "column": 34 } },
      "3": { "start": { "line": 4, "column": 13 }, "end": { "line": 4, "column": 28 } },
      "4": { "start": { "line": 5, "column": 21 }, "end": { "line": 5, "column": 45 } },
      "5": { "start": { "line": 6, "column": 15 }, "end": { "line": 6, "column": 32 } },
      "6": { "start": { "line": 8, "column": 0 }, "end": { "line": 8, "column": 32 } },
      "7": { "start": { "line": 10, "column": 20 }, "end": { "line": 10, "column": 45 } },
      "8": { "start": { "line": 11, "column": 20 }, "end": { "line": 11, "column": 45 } },
      "9": { "start": { "line": 12, "column": 21 }, "end": { "line": 12, "column": 47 } },
      "10": { "start": { "line": 14, "column": 12 }, "end": { "line": 14, "column": 21 } },
      "11": { "start": { "line": 17, "column": 0 }, "end": { "line": 17, "column": 47 } },
      "12": { "start": { "line": 18, "column": 0 }, "end": { "line": 18, "column": 29 } },
      "13": { "start": { "line": 20, "column": 0 }, "end": { "line": 20, "column": 22 } },
      "14": { "start": { "line": 21, "column": 0 }, "end": { "line": 21, "column": 23 } },
      "15": { "start": { "line": 22, "column": 0 }, "end": { "line": 22, "column": 48 } },
      "16": { "start": { "line": 23, "column": 0 }, "end": { "line": 23, "column": 23 } },
      "17": { "start": { "line": 24, "column": 0 }, "end": { "line": 24, "column": 55 } },
      "18": { "start": { "line": 25, "column": 0 }, "end": { "line": 25, "column": 96 } },
      "19": { "start": { "line": 27, "column": 0 }, "end": { "line": 27, "column": 25 } },
      "20": { "start": { "line": 28, "column": 0 }, "end": { "line": 28, "column": 30 } },
      "21": { "start": { "line": 29, "column": 0 }, "end": { "line": 29, "column": 32 } },
      "22": { "start": { "line": 32, "column": 0 }, "end": { "line": 34, "column": 2 } },
      "23": { "start": { "line": 33, "column": 2 }, "end": { "line": 33, "column": 24 } },
      "24": { "start": { "line": 37, "column": 0 }, "end": { "line": 45, "column": 2 } },
      "25": { "start": { "line": 39, "column": 2 }, "end": { "line": 39, "column": 34 } },
      "26": { "start": { "line": 40, "column": 2 }, "end": { "line": 40, "column": 68 } },
      "27": { "start": { "line": 43, "column": 2 }, "end": { "line": 43, "column": 31 } },
      "28": { "start": { "line": 44, "column": 2 }, "end": { "line": 44, "column": 21 } },
      "29": { "start": { "line": 47, "column": 0 }, "end": { "line": 47, "column": 20 } }
    },
    "fnMap": {
      "0": {
        "name": "(anonymous_0)",
        "decl": { "start": { "line": 32, "column": 8 }, "end": { "line": 32, "column": 9 } },
        "loc": { "start": { "line": 32, "column": 28 }, "end": { "line": 34, "column": 1 } },
        "line": 32
      },
      "1": {
        "name": "(anonymous_1)",
        "decl": { "start": { "line": 37, "column": 8 }, "end": { "line": 37, "column": 9 } },
        "loc": { "start": { "line": 37, "column": 27 }, "end": { "line": 45, "column": 1 } },
        "line": 37
      }
    },
    "branchMap": {
      "0": {
        "loc": { "start": { "line": 40, "column": 21 }, "end": { "line": 40, "column": 68 } },
        "type": "cond-expr",
        "locations": [
          { "start": { "line": 40, "column": 60 }, "end": { "line": 40, "column": 63 } },
          { "start": { "line": 40, "column": 66 }, "end": { "line": 40, "column": 68 } }
        ],
        "line": 40
      },
      "1": {
        "loc": { "start": { "line": 43, "column": 13 }, "end": { "line": 43, "column": 30 } },
        "type": "binary-expr",
        "locations": [
          { "start": { "line": 43, "column": 13 }, "end": { "line": 43, "column": 23 } },
          { "start": { "line": 43, "column": 27 }, "end": { "line": 43, "column": 30 } }
        ],
        "line": 43
      }
    },
    "s": {
      "0": 1,
      "1": 1,
      "2": 1,
      "3": 1,
      "4": 1,
      "5": 1,
      "6": 1,
      "7": 1,
      "8": 1,
      "9": 1,
      "10": 1,
      "11": 1,
      "12": 1,
      "13": 1,
      "14": 1,
      "15": 1,
      "16": 1,
      "17": 1,
      "18": 1,
      "19": 1,
      "20": 1,
      "21": 1,
      "22": 1,
      "23": 0,
      "24": 1,
      "25": 0,
      "26": 0,
      "27": 0,
      "28": 0,
      "29": 1
    },
    "f": { "0": 0, "1": 0 },
    "b": { "0": [0, 0], "1": [0, 0] },
    "_coverageSchema": "1a1c01bbd47fc00a2c39e90264f33305004495a9",
    "hash": "29b28dd18fdca7544584417295c735aeb2b98150"
  },
  "/workspace/Coyoject3/src/database-connection.js": {
    "path": "/workspace/Coyoject3/src/database-connection.js",
    "statementMap": {
      "0": { "start": { "line": 1, "column": 17 }, "end": { "line": 1, "column": 36 } },
      "1": { "start": { "line": 4, "column": 23 }, "end": { "line": 4, "column": 91 } },
      "2": { "start": { "line": 6, "column": 0 }, "end": { "line": 6, "column": 27 } },
      "3": { "start": { "line": 8, "column": 0 }, "end": { "line": 14, "column": 55 } },
      "4": { "start": { "line": 13, "column": 14 }, "end": { "line": 13, "column": 86 } },
      "5": { "start": { "line": 14, "column": 18 }, "end": { "line": 14, "column": 54 } }
    },
    "fnMap": {
      "0": {
        "name": "(anonymous_0)",
        "decl": { "start": { "line": 13, "column": 8 }, "end": { "line": 13, "column": 9 } },
        "loc": { "start": { "line": 13, "column": 14 }, "end": { "line": 13, "column": 86 } },
        "line": 13
      },
      "1": {
        "name": "(anonymous_1)",
        "decl": { "start": { "line": 14, "column": 9 }, "end": { "line": 14, "column": 10 } },
        "loc": { "start": { "line": 14, "column": 18 }, "end": { "line": 14, "column": 54 } },
        "line": 14
      }
    },
    "branchMap": {
      "0": {
        "loc": { "start": { "line": 4, "column": 23 }, "end": { "line": 4, "column": 91 } },
        "type": "binary-expr",
        "locations": [
          { "start": { "line": 4, "column": 23 }, "end": { "line": 4, "column": 60 } },
          { "start": { "line": 4, "column": 64 }, "end": { "line": 4, "column": 91 } }
        ],
        "line": 4
      }
    },
    "s": { "0": 1, "1": 1, "2": 1, "3": 1, "4": 0, "5": 0 },
    "f": { "0": 0, "1": 0 },
    "b": { "0": [1, 0] },
    "_coverageSchema": "1a1c01bbd47fc00a2c39e90264f33305004495a9",
    "hash": "44fdc7de5803bda27be4c1d796ed18d9a65d4f58"
  },
  "/workspace/Coyoject3/src/models/event.js": {
    "path": "/workspace/Coyoject3/src/models/event.js",
    "statementMap": {
      "0": { "start": { "line": 1, "column": 17 }, "end": { "line": 1, "column": 36 } },
      "1": { "start": { "line": 2, "column": 21 }, "end": { "line": 2, "column": 53 } },
      "2": { "start": { "line": 4, "column": 20 }, "end": { "line": 17, "column": 2 } },
      "3": { "start": { "line": 21, "column": 4 }, "end": { "line": 31, "column": 9 } },
      "4": { "start": { "line": 25, "column": 8 }, "end": { "line": 25, "column": 29 } },
      "5": { "start": { "line": 35, "column": 0 }, "end": { "line": 35, "column": 28 } },
      "6": { "start": { "line": 36, "column": 0 }, "end": { "line": 36, "column": 32 } },
      "7": { "start": { "line": 38, "column": 0 }, "end": { "line": 38, "column": 53 } }
    },
    "fnMap": {
      "0": {
        "name": "(anonymous_0)",
        "decl": { "start": { "line": 20, "column": 2 }, "end": { "line": 20, "column": 3 } },
        "loc": { "start": { "line": 20, "column": 15 }, "end": { "line": 32, "column": 3 } },
        "line": 20
      },
      "1": {
        "name": "(anonymous_1)",
        "decl": { "start": { "line": 24, "column": 11 }, "end": { "line": 24, "column": 12 } },
        "loc": { "start": { "line": 24, "column": 22 }, "end": { "line": 26, "column": 7 } },
        "line": 24
      }
    },
    "branchMap": {},
    "s": { "0": 1, "1": 1, "2": 1, "3": 0, "4": 0, "5": 1, "6": 1, "7": 1 },
    "f": { "0": 0, "1": 0 },
    "b": {},
    "_coverageSchema": "1a1c01bbd47fc00a2c39e90264f33305004495a9",
    "hash": "5e9817a66fce18288b78cc2129b7aa4694e953ce"
  },
  "/workspace/Coyoject3/src/models/user.js": {
    "path": "/workspace/Coyoject3/src/models/user.js",
    "statementMap": {
      "0": { "start": { "line": 17, "column": 17 }, "end": { "line": 17, "column": 36 } },
      "1": { "start": { "line": 18, "column": 21 }, "end": { "line": 18, "column": 53 } },
      "2": { "start": { "line": 20, "column": 19 }, "end": { "line": 35, "column": 2 } },
      "3": { "start": { "line": 39, "column": 4 }, "end": { "line": 39, "column": 61 } },
      "4": { "start": { "line": 43, "column": 4 }, "end": { "line": 46, "column": 5 } },
      "5": { "start": { "line": 50, "column": 4 }, "end": { "line": 50, "column": 88 } },
      "6": { "start": { "line": 54, "column": 0 }, "end": { "line": 54, "column": 26 } },
      "7": { "start": { "line": 55, "column": 0 }, "end": { "line": 55, "column": 31 } },
      "8": { "start": { "line": 57, "column": 0 }, "end": { "line": 57, "column": 51 } }
    },
    "fnMap": {
      "0": {
        "name": "(anonymous_0)",
        "decl": { "start": { "line": 38, "column": 2 }, "end": { "line": 38, "column": 3 } },
        "loc": { "start": { "line": 38, "column": 16 }, "end": { "line": 40, "column": 3 } },
        "line": 38
      },
      "1": {
        "name": "(anonymous_1)",
        "decl": { "start": { "line": 42, "column": 2 }, "end": { "line": 42, "column": 3 } },
        "loc": { "start": { "line": 42, "column": 16 }, "end": { "line": 47, "column": 3 } },
        "line": 42
      },
      "2": {
        "name": "(anonymous_2)",
        "decl": { "start": { "line": 49, "column": 2 }, "end": { "line": 49, "column": 3 } },
        "loc": { "start": { "line": 49, "column": 24 }, "end": { "line": 51, "column": 3 } },
        "line": 49
      }
    },
    "branchMap": {},
    "s": { "0": 1, "1": 1, "2": 1, "3": 0, "4": 0, "5": 0, "6": 1, "7": 1, "8": 1 },
    "f": { "0": 0, "1": 0, "2": 0 },
    "b": {},
    "_coverageSchema": "1a1c01bbd47fc00a2c39e90264f33305004495a9",
    "hash": "90c203c6d89ca31e6a09f554cd9a6facc806da98"
  },
  "/workspace/Coyoject3/src/routes/events.js": {
    "path": "/workspace/Coyoject3/src/routes/events.js",
    "statementMap": {
      "0": { "start": { "line": 1, "column": 16 }, "end": { "line": 1, "column": 34 } },
      "1": { "start": { "line": 2, "column": 14 }, "end": { "line": 2, "column": 40 } },
      "2": { "start": { "line": 4, "column": 15 }, "end": { "line": 4, "column": 31 } },
      "3": { "start": { "line": 9, "column": 0 }, "end": { "line": 17, "column": 2 } },
      "4": { "start": { "line": 12, "column": 2 }, "end": { "line": 14, "column": 36 } },
      "5": { "start": { "line": 13, "column": 4 }, "end": { "line": 13, "column": 55 } },
      "6": { "start": { "line": 14, "column": 9 }, "end": { "line": 14, "column": 36 } },
      "7": { "start": { "line": 16, "column": 2 }, "end": { "line": 16, "column": 41 } },
      "8": { "start": { "line": 19, "column": 0 }, "end": { "line": 29, "column": 2 } },
      "9": { "start": { "line": 20, "column": 16 }, "end": { "line": 20, "column": 51 } },
      "10": { "start": { "line": 22, "column": 2 }, "end": { "line": 26, "column": 6 } },
      "11": { "start": { "line": 23, "column": 4 }, "end": { "line": 26, "column": 6 } },
      "12": { "start": { "line": 28, "column": 2 }, "end": { "line": 28, "column": 40 } },
      "13": { "start": { "line": 31, "column": 0 }, "end": { "line": 31, "column": 23 } }
    },
    "fnMap": {
      "0": {
        "name": "(anonymous_0)",
        "decl": { "start": { "line": 9, "column": 16 }, "end": { "line": 9, "column": 17 } },
        "loc": { "start": { "line": 9, "column": 36 }, "end": { "line": 17, "column": 1 } },
        "line": 9
      },
      "1": {
        "name": "(anonymous_1)",
        "decl": { "start": { "line": 19, "column": 19 }, "end": { "line": 19, "column": 20 } },
        "loc": { "start": { "line": 19, "column": 39 }, "end": { "line": 29, "column": 1 } },
        "line": 19
      }
    },
    "branchMap": {
      "0": {
        "loc": { "start": { "line": 12, "column": 2 }, "end": { "line": 14, "column": 36 } },
        "type": "if",
        "locations": [
          { "start": { "line": 12, "column": 2 }, "end": { "line": 14, "column": 36 } },
          { "start": { "line": 14, "column": 9 }, "end": { "line": 14, "column": 36 } }
        ],
        "line": 12
      },
      "1": {
        "loc": { "start": { "line": 22, "column": 2 }, "end": { "line": 26, "column": 6 } },
        "type": "if",
        "locations": [
          { "start": { "line": 22, "column": 2 }, "end": { "line": 26, "column": 6 } },
          { "start": {}, "end": {} }
        ],
        "line": 22
      }
    },
    "s": {
      "0": 1,
      "1": 1,
      "2": 1,
      "3": 1,
      "4": 0,
      "5": 0,
      "6": 0,
      "7": 0,
      "8": 1,
      "9": 0,
      "10": 0,
      "11": 0,
      "12": 0,
      "13": 1
    },
    "f": { "0": 0, "1": 0 },
    "b": { "0": [0, 0], "1": [0, 0] },
    "_coverageSchema": "1a1c01bbd47fc00a2c39e90264f33305004495a9",
    "hash": "21fb9458bbd5368cdfb999cc4434ca772411a5d1"
  },
  "/workspace/Coyoject3/src/routes/index.js": {
    "path": "/workspace/Coyoject3/src/routes/index.js",
    "statementMap": {
      "0": { "start": { "line": 1, "column": 16 }, "end": { "line": 1, "column": 34 } },
      "1": { "start": { "line": 2, "column": 14 }, "end": { "line": 2, "column": 40 } },
      "2": { "start": { "line": 4, "column": 15 }, "end": { "line": 4, "column": 31 } },
      "3": { "start": { "line": 7, "column": 0 }, "end": { "line": 9, "column": 2 } },
      "4": { "start": { "line": 8, "column": 2 }, "end": { "line": 8, "column": 95 } },
      "5": { "start": { "line": 11, "column": 0 }, "end": { "line": 43, "column": 2 } },
      "6": { "start": { "line": 12, "column": 19 }, "end": { "line": 18, "column": 4 } },
      "7": { "start": { "line": 19, "column": 19 }, "end": { "line": 25, "column": 4 } },
      "8": { "start": { "line": 26, "column": 21 }, "end": { "line": 32, "column": 4 } },
      "9": { "start": { "line": 35, "column": 25 }, "end": { "line": 35, "column": 37 } },
      "10": { "start": { "line": 36, "column": 23 }, "end": { "line": 36, "column": 35 } },
      "11": { "start": { "line": 37, "column": 15 }, "end": { "line": 37, "column": 23 } },
      "12": { "start": { "line": 39, "column": 2 }, "end": { "line": 39, "column": 30 } },
      "13": { "start": { "line": 40, "column": 2 }, "end": { "line": 40, "column": 23 } },
      "14": { "start": { "line": 42, "column": 2 }, "end": { "line": 42, "column": 21 } },
      "15": { "start": { "line": 45, "column": 0 }, "end": { "line": 45, "column": 23 } }
    },
    "fnMap": {
      "0": {
        "name": "(anonymous_0)",
        "decl": { "start": { "line": 7, "column": 16 }, "end": { "line": 7, "column": 17 } },
        "loc": { "start": { "line": 7, "column": 30 }, "end": { "line": 9, "column": 1 } },
        "line": 7
      },
      "1": {
        "name": "(anonymous_1)",
        "decl": { "start": { "line": 11, "column": 26 }, "end": { "line": 11, "column": 27 } },
        "loc": { "start": { "line": 11, "column": 46 }, "end": { "line": 43, "column": 1 } },
        "line": 11
      }
    },
    "branchMap": {},
    "s": {
      "0": 1,
      "1": 1,
      "2": 1,
      "3": 1,
      "4": 0,
      "5": 1,
      "6": 0,
      "7": 0,
      "8": 0,
      "9": 0,
      "10": 0,
      "11": 0,
      "12": 0,
      "13": 0,
      "14": 0,
      "15": 1
    },
    "f": { "0": 0, "1": 0 },
    "b": {},
    "_coverageSchema": "1a1c01bbd47fc00a2c39e90264f33305004495a9",
    "hash": "39f3e39f941e9f7ff5baed3c4e8753de81793892"
  },
  "/workspace/Coyoject3/src/routes/users.js": {
    "path": "/workspace/Coyoject3/src/routes/users.js",
    "statementMap": {
      "0": { "start": { "line": 1, "column": 16 }, "end": { "line": 1, "column": 34 } },
      "1": { "start": { "line": 2, "column": 13 }, "end": { "line": 2, "column": 38 } },
      "2": { "start": { "line": 4, "column": 15 }, "end": { "line": 4, "column": 31 } },
      "3": { "start": { "line": 7, "column": 0 }, "end": { "line": 10, "column": 2 } },
      "4": { "start": { "line": 8, "column": 16 }, "end": { "line": 8, "column": 18 } },
      "5": { "start": { "line": 9, "column": 2 }, "end": { "line": 9, "column": 97 } },
      "6": { "start": { "line": 9, "column": 49 }, "end": { "line": 9, "column": 95 } },
      "7": { "start": { "line": 15, "column": 0 }, "end": { "line": 27, "column": 2 } },
      "8": { "start": { "line": 16, "column": 16 }, "end": { "line": 16, "column": 61 } },
      "9": { "start": { "line": 17, "column": 18 }, "end": { "line": 17, "column": 65 } },
      "10": { "start": { "line": 19, "column": 16 }, "end": { "line": 19, "column": 61 } },
      "11": { "start": { "line": 20, "column": 2 }, "end": { "line": 20, "column": 89 } },
      "12": { "start": { "line": 22, "column": 2 }, "end": { "line": 22, "column": 20 } },
      "13": { "start": { "line": 23, "column": 2 }, "end": { "line": 23, "column": 22 } },
      "14": { "start": { "line": 25, "column": 2 }, "end": { "line": 25, "column": 20 } },
      "15": { "start": { "line": 26, "column": 2 }, "end": { "line": 26, "column": 21 } },
      "16": { "start": { "line": 29, "column": 0 }, "end": { "line": 33, "column": 2 } },
      "17": { "start": { "line": 30, "column": 15 }, "end": { "line": 30, "column": 39 } },
      "18": { "start": { "line": 31, "column": 2 }, "end": { "line": 32, "column": 26 } },
      "19": { "start": { "line": 31, "column": 12 }, "end": { "line": 31, "column": 26 } },
      "20": { "start": { "line": 32, "column": 7 }, "end": { "line": 32, "column": 26 } },
      "21": { "start": { "line": 36, "column": 0 }, "end": { "line": 39, "column": 2 } },
      "22": { "start": { "line": 37, "column": 22 }, "end": { "line": 37, "column": 49 } },
      "23": { "start": { "line": 38, "column": 2 }, "end": { "line": 38, "column": 35 } },
      "24": { "start": { "line": 41, "column": 0 }, "end": { "line": 41, "column": 23 } }
    },
    "fnMap": {
      "0": {
        "name": "(anonymous_0)",
        "decl": { "start": { "line": 7, "column": 16 }, "end": { "line": 7, "column": 17 } },
        "loc": { "start": { "line": 7, "column": 36 }, "end": { "line": 10, "column": 1 } },
        "line": 7
      },
      "1": {
        "name": "(anonymous_1)",
        "decl": { "start": { "line": 9, "column": 40 }, "end": { "line": 9, "column": 41 } },
        "loc": { "start": { "line": 9, "column": 49 }, "end": { "line": 9, "column": 95 } },
        "line": 9
      },
      "2": {
        "name": "(anonymous_2)",
        "decl": { "start": { "line": 15, "column": 26 }, "end": { "line": 15, "column": 27 } },
        "loc": { "start": { "line": 15, "column": 46 }, "end": { "line": 27, "column": 1 } },
        "line": 15
      },
      "3": {
        "name": "(anonymous_3)",
        "decl": { "start": { "line": 29, "column": 23 }, "end": { "line": 29, "column": 24 } },
        "loc": { "start": { "line": 29, "column": 49 }, "end": { "line": 33, "column": 1 } },
        "line": 29
      },
      "4": {
        "name": "(anonymous_4)",
        "decl": { "start": { "line": 36, "column": 17 }, "end": { "line": 36, "column": 18 } },
        "loc": { "start": { "line": 36, "column": 37 }, "end": { "line": 39, "column": 1 } },
        "line": 36
      }
    },
    "branchMap": {
      "0": {
        "loc": { "start": { "line": 31, "column": 2 }, "end": { "line": 32, "column": 26 } },
        "type": "if",
        "locations": [
          { "start": { "line": 31, "column": 2 }, "end": { "line": 32, "column": 26 } },
          { "start": { "line": 32, "column": 7 }, "end": { "line": 32, "column": 26 } }
        ],
        "line": 31
      }
    },
    "s": {
      "0": 1,
      "1": 1,
      "2": 1,
      "3": 1,
      "4": 0,
      "5": 0,
      "6": 0,
      "7": 1,
      "8": 0,
      "9": 0,
      "10": 0,
      "11": 0,
      "12": 0,
      "13": 0,
      "14": 0,
      "15": 0,
      "16": 1,
      "17": 0,
      "18": 0,
      "19": 0,
      "20": 0,
      "21": 1,
      "22": 0,
      "23": 0,
      "24": 1
    },
    "f": { "0": 0, "1": 0, "2": 0, "3": 0, "4": 0 },
    "b": { "0": [0, 0] },
    "_coverageSchema": "1a1c01bbd47fc00a2c39e90264f33305004495a9",
    "hash": "ca95e7219f85b20dc55e6917cd86d41e839de4aa"
  }
}
